[233月2026 12:03:26.635] [main/INFO] [cpw.mods.modlauncher.Launcher/MODLAUNCHER]: ModLauncher running: args [--launchTarget, forgeclientdev, --version, 21.1.200, --assetIndex, 17, --assetsDir, D:\\new\\.gradle\\caches\\neoformruntime\\assets, --gameDir, ., --fml.fmlVersion, 4.0.41, --fml.mcVersion, 1.21.1, --fml.neoForgeVersion, 21.1.200, --fml.neoFormVersion, 20240808.144430]
[233月2026 12:03:26.638] [main/INFO] [cpw.mods.modlauncher.Launcher/MODLAUNCHER]: JVM identified as Oracle Corporation Java HotSpot(TM) 64-Bit Server VM 21.0.9+7-LTS-338
[233月2026 12:03:26.639] [main/INFO] [cpw.mods.modlauncher.Launcher/MODLAUNCHER]: ModLauncher 11.0.5+main.901c6ea8 starting: java version 21.0.9 by Oracle Corporation; OS Windows 10 arch amd64 version 10.0
[233月2026 12:03:26.731] [main/INFO] [net.neoforged.fml.loading.ImmediateWindowHandler/]: Loading ImmediateWindowProvider fmlearlywindow
[233月2026 12:03:26.842] [main/INFO] [EARLYDISPLAY/]: Trying GL version 4.6
[233月2026 12:03:27.034] [main/INFO] [EARLYDISPLAY/]: Requested GL version 4.6 got version 4.6
[233月2026 12:03:27.200] [main/INFO] [mixin/]: SpongePowered MIXIN Subsystem Version=0.8.7 Source=union:/D:/new/.gradle/caches/modules-2/files-2.1/net.fabricmc/sponge-mixin/0.15.2+mixin.0.8.7/2af2f021d8e02a0220dc27a7a72b4666d66d44ca/sponge-mixin-0.15.2+mixin.0.8.7.jar%23138!/ Service=ModLauncher Env=CLIENT
[233月2026 12:03:27.602] [pool-2-thread-1/INFO] [EARLYDISPLAY/]: GL info: NVIDIA GeForce GTX 1660 Ti/PCIe/SSE2 GL version 4.6.0 NVIDIA 591.44, NVIDIA Corporation
[233月2026 12:03:27.794] [main/INFO] [net.neoforged.fml.loading.moddiscovery.locators.JarInJarDependencyLocator/]: Found 2 dependencies adding them to mods collection
[233月2026 12:03:27.797] [main/INFO] [net.neoforged.fml.loading.moddiscovery.ModDiscoverer/]: 
     Mod List:
		Name Version (Mod Id)

		Bosses of Mass Destruction 1.3.2 (bosses_of_mass_destruction)
		BossesDelight 1.0.0 (bosses_delight)
		Cerbons API 1.3.0 (cerbons_api)
		Cloth Config v15 API 15.0.140 (cloth_config)
		Farmer's Delight 1.2.9 (farmersdelight)
		GeckoLib 4 4.8.3 (geckolib)
		Jade 15.10.5+neoforge (jade)
		Just Enough Items 19.27.0.340 (jei)
		Minecraft 1.21.1 (minecraft)
		NeoForge 21.1.200 (neoforge)
		Sophisticated Backpacks 3.25.33 (sophisticatedbackpacks)
		Sophisticated Core 1.4.9 (sophisticatedcore)
[233月2026 12:03:29.174] [main/INFO] [mixin/]: Compatibility level set to JAVA_21
[233月2026 12:03:29.196] [main/INFO] [cpw.mods.modlauncher.LaunchServiceHandler/MODLAUNCHER]: Launching target 'forgeclientdev' with arguments [--version, 21.1.200, --gameDir, ., --assetsDir, D:\new\.gradle\caches\neoformruntime\assets, --assetIndex, 17]
[233月2026 12:03:29.237] [main/WARN] [mixin/]: Reference map 'geckolib.refmap.json' for geckolib.mixins.json could not be read. If this is a development environment you can ignore this message
[233月2026 12:03:29.630] [main/INFO] [MixinExtras|Service/]: Initializing MixinExtras via com.llamalad7.mixinextras.service.MixinExtrasServiceImpl(version=0.5.0).
[233月2026 12:03:31.271] [Datafixer Bootstrap/INFO] [com.mojang.datafixers.DataFixerBuilder/]: 229 Datafixer optimizations took 370 milliseconds
[233月2026 12:03:35.793] [main/WARN] [net.minecraft.commands.Commands/]: Ambiguity between arguments [teleport, location] and [teleport, destination] with inputs: [0.1 -0.5 .9, 0 0 0]
[233月2026 12:03:35.794] [main/WARN] [net.minecraft.commands.Commands/]: Ambiguity between arguments [teleport, location] and [teleport, targets] with inputs: [0.1 -0.5 .9, 0 0 0]
[233月2026 12:03:35.796] [main/WARN] [net.minecraft.commands.Commands/]: Ambiguity between arguments [teleport, destination] and [teleport, targets] with inputs: [Player, 0123, @e, dd12be42-52a9-4a91-a8a1-11c01849e498]
[233月2026 12:03:35.797] [main/WARN] [net.minecraft.commands.Commands/]: Ambiguity between arguments [teleport, targets] and [teleport, destination] with inputs: [Player, 0123, dd12be42-52a9-4a91-a8a1-11c01849e498]
[233月2026 12:03:35.798] [main/WARN] [net.minecraft.commands.Commands/]: Ambiguity between arguments [teleport, targets, location] and [teleport, targets, destination] with inputs: [0.1 -0.5 .9, 0 0 0]
[233月2026 12:03:35.907] [Render thread/WARN] [net.minecraft.server.packs.VanillaPackResourcesBuilder/]: Assets URL 'union:/G:/mod_working_area/BossesDelight1.21.1neo/build/moddev/artifacts/neoforge-21.1.200.jar%23189!/assets/.mcassetsroot' uses unexpected schema
[233月2026 12:03:35.907] [Render thread/WARN] [net.minecraft.server.packs.VanillaPackResourcesBuilder/]: Assets URL 'union:/G:/mod_working_area/BossesDelight1.21.1neo/build/moddev/artifacts/neoforge-21.1.200.jar%23189!/data/.mcassetsroot' uses unexpected schema
[233月2026 12:03:35.926] [Render thread/INFO] [com.mojang.authlib.yggdrasil.YggdrasilAuthenticationService/]: Environment: Environment[sessionHost=https://sessionserver.mojang.com, servicesHost=https://api.minecraftservices.com, name=PROD]
[233月2026 12:03:35.932] [Render thread/INFO] [net.minecraft.client.Minecraft/]: Setting user: Dev
[233月2026 12:03:36.016] [Render thread/INFO] [net.minecraft.client.Minecraft/]: Backend library: LWJGL version 3.3.3+5
[233月2026 12:03:36.251] [modloading-worker-0/INFO] [net.neoforged.neoforge.common.NeoForgeMod/NEOFORGE-MOD]: NeoForge mod loading, version 21.1.200, for MC 1.21.1
[233月2026 12:03:36.332] [modloading-worker-0/INFO] [mezz.jei.library.load.PluginCaller/]: Sending ConfigManager...
[233月2026 12:03:36.335] [modloading-worker-0/INFO] [mezz.jei.library.load.PluginCaller/]: Sending ConfigManager took 2.371 milliseconds
[233月2026 12:03:37.396] [Render thread/INFO] [net.neoforged.neoforge.gametest.GameTestHooks/]: Enabled Gametest Namespaces: [bosses_delight]
[233月2026 12:03:37.656] [Render thread/INFO] [net.minecraft.server.packs.resources.ReloadableResourceManager/]: Reloading ResourceManager: vanilla, mod_resources, mod/farmersdelight, mod/bosses_delight, mod/cloth_config, mod/sophisticatedcore, mod/sophisticatedbackpacks, mod/jade, mod/geckolib, mod/cerbons_api, mod/neoforge, mod/jei, mod/bosses_of_mass_destruction
[233月2026 12:03:37.670] [Worker-Main-3/INFO] [io.github.reneg.BossesDelight/]: HELLO FROM COMMON SETUP
[233月2026 12:03:37.713] [Render thread/INFO] [com.cerbon.bosses_of_mass_destruction.util.BMDConstants/]: NeoForge only mixins are working for Bosses of Mass Destruction!
[233月2026 12:03:37.714] [Render thread/INFO] [com.cerbon.bosses_of_mass_destruction.util.BMDConstants/]: Common mixins are working for Bosses of Mass Destruction on NeoForge!
[233月2026 12:03:37.833] [Worker-Main-3/INFO] [net.minecraft.client.gui.font.providers.UnihexProvider/]: Found unifont_all_no_pua-15.1.05.hex, loading
[233月2026 12:03:38.337] [Worker-Main-3/INFO] [net.minecraft.client.gui.font.providers.UnihexProvider/]: Found unifont_jp_patch-15.1.05.hex, loading
[233月2026 12:03:38.876] [Worker-Main-3/WARN] [net.minecraft.client.resources.model.BlockStateModelLoader/]: Exception loading blockstate definition: 'bosses_delight:blockstates/obsidian_onion.json' missing model for variant: 'bosses_delight:obsidian_onion#age=1'
[233月2026 12:03:38.876] [Worker-Main-3/WARN] [net.minecraft.client.resources.model.BlockStateModelLoader/]: Exception loading blockstate definition: 'bosses_delight:blockstates/obsidian_onion.json' missing model for variant: 'bosses_delight:obsidian_onion#age=0'
[233月2026 12:03:38.876] [Worker-Main-3/WARN] [net.minecraft.client.resources.model.BlockStateModelLoader/]: Exception loading blockstate definition: 'bosses_delight:blockstates/obsidian_onion.json' missing model for variant: 'bosses_delight:obsidian_onion#age=7'
[233月2026 12:03:38.876] [Worker-Main-3/WARN] [net.minecraft.client.resources.model.BlockStateModelLoader/]: Exception loading blockstate definition: 'bosses_delight:blockstates/obsidian_onion.json' missing model for variant: 'bosses_delight:obsidian_onion#age=6'
[233月2026 12:03:38.876] [Worker-Main-3/WARN] [net.minecraft.client.resources.model.BlockStateModelLoader/]: Exception loading blockstate definition: 'bosses_delight:blockstates/obsidian_onion.json' missing model for variant: 'bosses_delight:obsidian_onion#age=5'
[233月2026 12:03:38.876] [Worker-Main-3/WARN] [net.minecraft.client.resources.model.BlockStateModelLoader/]: Exception loading blockstate definition: 'bosses_delight:blockstates/obsidian_onion.json' missing model for variant: 'bosses_delight:obsidian_onion#age=4'
[233月2026 12:03:38.876] [Worker-Main-3/WARN] [net.minecraft.client.resources.model.BlockStateModelLoader/]: Exception loading blockstate definition: 'bosses_delight:blockstates/obsidian_onion.json' missing model for variant: 'bosses_delight:obsidian_onion#age=3'
[233月2026 12:03:38.876] [Worker-Main-3/WARN] [net.minecraft.client.resources.model.BlockStateModelLoader/]: Exception loading blockstate definition: 'bosses_delight:blockstates/obsidian_onion.json' missing model for variant: 'bosses_delight:obsidian_onion#age=2'
[233月2026 12:03:39.458] [Worker-Main-4/INFO] [snownee.jade.Jade/]: Start loading plugin from snownee.jade.addon.vanilla.VanillaPlugin
[233月2026 12:03:39.520] [Worker-Main-4/INFO] [snownee.jade.Jade/]: Bootstrapped plugin from snownee.jade.addon.vanilla.VanillaPlugin in 59.36 ms
[233月2026 12:03:39.526] [Worker-Main-4/INFO] [snownee.jade.Jade/]: Loaded plugin from snownee.jade.addon.vanilla.VanillaPlugin in 65.23 ms
[233月2026 12:03:39.526] [Worker-Main-4/INFO] [snownee.jade.Jade/]: Start loading plugin from snownee.jade.addon.universal.UniversalPlugin
[233月2026 12:03:39.530] [Worker-Main-4/INFO] [snownee.jade.Jade/]: Bootstrapped plugin from snownee.jade.addon.universal.UniversalPlugin in 3.161 ms
[233月2026 12:03:39.530] [Worker-Main-4/INFO] [snownee.jade.Jade/]: Loaded plugin from snownee.jade.addon.universal.UniversalPlugin in 3.401 ms
[233月2026 12:03:39.530] [Worker-Main-4/INFO] [snownee.jade.Jade/]: Start loading plugin from snownee.jade.addon.debug.DebugPlugin
[233月2026 12:03:39.531] [Worker-Main-4/INFO] [snownee.jade.Jade/]: Bootstrapped plugin from snownee.jade.addon.debug.DebugPlugin in 1.230 ms
[233月2026 12:03:39.532] [Worker-Main-4/INFO] [snownee.jade.Jade/]: Loaded plugin from snownee.jade.addon.debug.DebugPlugin in 1.349 ms
[233月2026 12:03:39.532] [Worker-Main-4/INFO] [snownee.jade.Jade/]: Start loading plugin from snownee.jade.addon.core.CorePlugin
[233月2026 12:03:39.535] [Worker-Main-4/INFO] [snownee.jade.Jade/]: Bootstrapped plugin from snownee.jade.addon.core.CorePlugin in 2.313 ms
[233月2026 12:03:39.535] [Worker-Main-4/INFO] [snownee.jade.Jade/]: Loaded plugin from snownee.jade.addon.core.CorePlugin in 2.500 ms
[233月2026 12:03:39.535] [Worker-Main-4/INFO] [snownee.jade.Jade/]: Start loading plugin from snownee.jade.addon.access.AccessibilityPlugin
[233月2026 12:03:39.537] [Worker-Main-4/INFO] [snownee.jade.Jade/]: Bootstrapped plugin from snownee.jade.addon.access.AccessibilityPlugin in 2.026 ms
[233月2026 12:03:39.537] [Worker-Main-4/INFO] [snownee.jade.Jade/]: Loaded plugin from snownee.jade.addon.access.AccessibilityPlugin in 2.227 ms
[233月2026 12:03:39.732] [Render thread/WARN] [net.minecraft.client.sounds.SoundEngine/]: Missing sound for event: minecraft:item.goat_horn.play
[233月2026 12:03:39.732] [Render thread/WARN] [net.minecraft.client.sounds.SoundEngine/]: Missing sound for event: minecraft:entity.goat.screaming.horn_break
[233月2026 12:03:39.775] [Render thread/INFO] [com.mojang.blaze3d.audio.Library/]: OpenAL initialized on device OpenAL Soft on DELL S2719H (NVIDIA High Definition Audio)
[233月2026 12:03:39.776] [Render thread/INFO] [net.minecraft.client.sounds.SoundEngine/SOUNDS]: Sound engine started
[233月2026 12:03:39.861] [Render thread/INFO] [net.minecraft.client.renderer.texture.TextureAtlas/]: Created: 1024x1024x4 minecraft:textures/atlas/blocks.png-atlas
[233月2026 12:03:39.870] [Render thread/INFO] [net.minecraft.client.renderer.texture.TextureAtlas/]: Created: 512x256x4 minecraft:textures/atlas/signs.png-atlas
[233月2026 12:03:39.870] [Render thread/INFO] [net.minecraft.client.renderer.texture.TextureAtlas/]: Created: 512x512x4 minecraft:textures/atlas/shield_patterns.png-atlas
[233月2026 12:03:39.871] [Render thread/INFO] [net.minecraft.client.renderer.texture.TextureAtlas/]: Created: 512x512x4 minecraft:textures/atlas/banner_patterns.png-atlas
[233月2026 12:03:39.871] [Render thread/INFO] [net.minecraft.client.renderer.texture.TextureAtlas/]: Created: 1024x1024x4 minecraft:textures/atlas/armor_trims.png-atlas
[233月2026 12:03:39.874] [Render thread/INFO] [net.minecraft.client.renderer.texture.TextureAtlas/]: Created: 256x256x4 minecraft:textures/atlas/chest.png-atlas
[233月2026 12:03:39.874] [Render thread/INFO] [net.minecraft.client.renderer.texture.TextureAtlas/]: Created: 128x64x4 minecraft:textures/atlas/decorated_pot.png-atlas
[233月2026 12:03:39.874] [Render thread/INFO] [net.minecraft.client.renderer.texture.TextureAtlas/]: Created: 512x256x4 minecraft:textures/atlas/shulker_boxes.png-atlas
[233月2026 12:03:39.874] [Render thread/INFO] [net.minecraft.client.renderer.texture.TextureAtlas/]: Created: 512x256x4 minecraft:textures/atlas/beds.png-atlas
[233月2026 12:03:39.940] [Render thread/INFO] [net.minecraft.client.renderer.texture.TextureAtlas/]: Created: 512x256x0 minecraft:textures/atlas/particles.png-atlas
[233月2026 12:03:39.942] [Render thread/INFO] [net.minecraft.client.renderer.texture.TextureAtlas/]: Created: 512x256x0 minecraft:textures/atlas/paintings.png-atlas
[233月2026 12:03:39.942] [Render thread/INFO] [net.minecraft.client.renderer.texture.TextureAtlas/]: Created: 256x128x0 minecraft:textures/atlas/mob_effects.png-atlas
[233月2026 12:03:39.942] [Render thread/INFO] [net.minecraft.client.renderer.texture.TextureAtlas/]: Created: 64x64x0 minecraft:textures/atlas/map_decorations.png-atlas
[233月2026 12:03:39.942] [Render thread/INFO] [net.minecraft.client.renderer.texture.TextureAtlas/]: Created: 1024x512x0 minecraft:textures/atlas/gui.png-atlas
[233月2026 12:03:39.965] [Render thread/WARN] [net.minecraft.client.renderer.ShaderInstance/]: Shader rendertype_entity_translucent_emissive could not find sampler named Sampler2 in the specified shader program.
[233月2026 12:03:40.720] [Render thread/INFO] [net.neoforged.neoforge.client.entity.animation.json.AnimationLoader/]: Loaded 0 entity animations
[233月2026 12:03:40.720] [Render thread/INFO] [net.minecraft.client.renderer.texture.TextureAtlas/]: Created: 256x256x0 jei:textures/atlas/gui.png-atlas
[233月2026 12:03:55.350] [Worker-Main-1/ERROR] [net.minecraft.world.level.storage.loot.LootDataType/]: Couldn't parse element ResourceKey[minecraft:root / minecraft:loot_table]:bosses_delight:blocks/ham_above_palm_block - Unknown registry key in ResourceKey[minecraft:root / minecraft:item]: bosses_delight:ham_above_palm_block
[233月2026 12:03:55.420] [Worker-Main-1/ERROR] [net.minecraft.world.level.storage.loot.LootDataType/]: Couldn't parse element ResourceKey[minecraft:root / minecraft:loot_table]:bosses_delight:blocks/obsidian_glazed_dragon_head_block - Unknown registry key in ResourceKey[minecraft:root / minecraft:item]: bosses_delight:obsidian_glazed_dragon_head_block
[233月2026 12:03:55.429] [Worker-Main-1/ERROR] [net.minecraft.world.level.storage.loot.LootDataType/]: Couldn't parse element ResourceKey[minecraft:root / minecraft:loot_table]:bosses_delight:blocks/obsidian_onions - Failed to parse either. First: Unknown registry key in ResourceKey[minecraft:root / minecraft:block]: bosses_delight:obsidian_onions; Second: Not a json array: {"condition":"minecraft:block_state_property","block":"bosses_delight:obsidian_onions","properties":{"age":"7"}}
[233月2026 12:03:55.438] [Worker-Main-1/ERROR] [net.minecraft.world.level.storage.loot.LootDataType/]: Couldn't parse element ResourceKey[minecraft:root / minecraft:loot_table]:bosses_delight:blocks/crystal_fruit_cube_block - Failed to parse either. First: Unknown registry key in ResourceKey[minecraft:root / minecraft:block]: bosses_delight:crystal_fruit_block; Second: Not a json array: {"condition":"minecraft:block_state_property","block":"bosses_delight:crystal_fruit_block","properties":{"servings":"4"}}; Unknown registry key in ResourceKey[minecraft:root / minecraft:item]: bosses_delight:crystal_fruit_block
[233月2026 12:03:55.859] [Render thread/INFO] [net.minecraft.world.item.crafting.RecipeManager/]: Loaded 1709 recipes
[233月2026 12:03:56.011] [Render thread/INFO] [net.minecraft.advancements.AdvancementTree/]: Loaded 1698 advancements
[233月2026 12:03:56.584] [Render thread/INFO] [snownee.jade.Jade/]: LootTableMineableCollector took 4.486 ms
[233月2026 12:03:56.639] [Server thread/INFO] [net.minecraft.client.server.IntegratedServer/]: Starting integrated minecraft server version 1.21.1
[233月2026 12:03:56.640] [Server thread/INFO] [net.minecraft.server.MinecraftServer/]: Generating keypair
[233月2026 12:03:56.881] [Server thread/INFO] [net.minecraft.server.MinecraftServer/]: Preparing start region for dimension minecraft:overworld
[233月2026 12:03:57.020] [progressListener/INFO] [net.minecraft.server.level.progress.LoggerChunkProgressListener/]: 准备生成区域中：0%
[233月2026 12:03:57.078] [Server thread/INFO] [net.neoforged.neoforge.server.permission.PermissionAPI/]: Successfully initialized permission handler neoforge:default_handler
[233月2026 12:03:57.089] [progressListener/INFO] [net.minecraft.server.level.progress.LoggerChunkProgressListener/]: Time elapsed: 205 ms
[233月2026 12:03:57.142] [Server thread/INFO] [net.minecraft.client.server.IntegratedServer/]: Changing simulation distance to 12, from 0
[233月2026 12:03:57.627] [Server thread/INFO] [net.minecraft.server.players.PlayerList/]: Dev[local:E:bdf5d503] logged in with entity id 2 at (-0.6636899504826109, -58.0, -3.648422077121676)
[233月2026 12:03:57.670] [Server thread/INFO] [net.minecraft.server.MinecraftServer/]: Dev加入了游戏
[233月2026 12:03:58.388] [Render thread/WARN] [net.minecraft.client.ClientRecipeBook/]: Unknown recipe category: bosses_delight:soul_cooking/bosses_delight:soul_cooking/magic_frozen_noodles
[233月2026 12:03:58.388] [Render thread/WARN] [net.minecraft.client.ClientRecipeBook/]: Unknown recipe category: bosses_delight:soul_cooking/bosses_delight:soul_cooking/crystal_cup_cake
[233月2026 12:03:58.388] [Render thread/WARN] [net.minecraft.client.ClientRecipeBook/]: Unknown recipe category: bosses_delight:soul_cooking/bosses_delight:soul_cooking/anima_popsicle
[233月2026 12:03:58.388] [Render thread/WARN] [net.minecraft.client.ClientRecipeBook/]: Unknown recipe category: bosses_delight:soul_cooking/bosses_delight:soul_cooking/lich_smoothies
[233月2026 12:03:58.388] [Render thread/WARN] [net.minecraft.client.ClientRecipeBook/]: Unknown recipe category: bosses_delight:soul_cooking/bosses_delight:soul_cooking/nectar_jelly
[233月2026 12:03:58.393] [Render thread/INFO] [mezz.jei.core.util.LoggedTimer/]: Starting JEI...
[233月2026 12:03:58.397] [Render thread/INFO] [mezz.jei.library.load.PluginCaller/]: Registering item subtypes...
[233月2026 12:03:58.403] [Render thread/INFO] [mezz.jei.library.load.PluginCaller/]: Registering item subtypes took 5.597 milliseconds
[233月2026 12:03:58.403] [Render thread/INFO] [mezz.jei.library.load.PluginCaller/]: Registering fluid subtypes...
[233月2026 12:03:58.404] [Render thread/INFO] [mezz.jei.library.load.PluginCaller/]: Registering fluid subtypes took 1.123 milliseconds
[233月2026 12:03:58.405] [Render thread/INFO] [mezz.jei.library.load.PluginCaller/]: Registering ingredients...
[233月2026 12:03:58.568] [Render thread/INFO] [mezz.jei.library.load.PluginCallerTimerRunnable/]: Registering ingredients: jei:minecraft took 162.5 milliseconds
[233月2026 12:03:58.569] [Render thread/INFO] [mezz.jei.library.load.PluginCaller/]: Registering ingredients took 163.4 milliseconds
[233月2026 12:03:58.569] [Render thread/INFO] [mezz.jei.library.load.PluginCaller/]: Registering extra ingredients...
[233月2026 12:03:58.569] [Render thread/INFO] [mezz.jei.library.load.PluginCaller/]: Registering extra ingredients took 405.0 microseconds
[233月2026 12:03:58.570] [Render thread/INFO] [mezz.jei.library.load.PluginCaller/]: Registering search ingredient aliases...
[233月2026 12:03:58.570] [Render thread/INFO] [mezz.jei.library.load.PluginCaller/]: Registering search ingredient aliases took 609.8 microseconds
[233月2026 12:03:58.584] [Render thread/INFO] [mezz.jei.library.load.PluginCaller/]: Registering Mod Info...
[233月2026 12:03:58.584] [Render thread/INFO] [mezz.jei.library.load.PluginCaller/]: Registering Mod Info took 429.2 microseconds
[233月2026 12:03:58.725] [Render thread/INFO] [mezz.jei.library.load.PluginCaller/]: Registering categories...
[233月2026 12:03:58.746] [Render thread/INFO] [mezz.jei.library.load.PluginCaller/]: Registering categories took 20.90 milliseconds
[233月2026 12:03:58.747] [Render thread/INFO] [mezz.jei.library.load.PluginCaller/]: Registering vanilla category extensions...
[233月2026 12:03:58.750] [Render thread/INFO] [mezz.jei.library.load.PluginCaller/]: Registering vanilla category extensions took 2.916 milliseconds
[233月2026 12:03:58.751] [Render thread/INFO] [mezz.jei.library.load.PluginCaller/]: Registering recipe catalysts...
[233月2026 12:03:58.752] [Render thread/INFO] [mezz.jei.library.load.PluginCaller/]: Registering recipe catalysts took 852.1 microseconds
[233月2026 12:03:58.752] [Render thread/INFO] [mezz.jei.core.util.LoggedTimer/]: Building recipe registry...
[233月2026 12:03:58.759] [Render thread/INFO] [mezz.jei.core.util.LoggedTimer/]: Building recipe registry took 7.321 milliseconds
[233月2026 12:03:58.760] [Render thread/INFO] [mezz.jei.library.load.PluginCaller/]: Registering advanced plugins...
[233月2026 12:03:58.761] [Render thread/INFO] [mezz.jei.library.load.PluginCaller/]: Registering advanced plugins took 386.0 microseconds
[233月2026 12:03:58.761] [Render thread/INFO] [mezz.jei.library.load.PluginCaller/]: Registering recipes...
[233月2026 12:03:58.926] [Render thread/INFO] [mezz.jei.library.load.PluginCallerTimerRunnable/]: Registering recipes: jei:minecraft took 164.4 milliseconds
[233月2026 12:03:58.952] [Render thread/INFO] [mezz.jei.library.load.PluginCallerTimerRunnable/]: Registering recipes: farmersdelight:jei_plugin took 25.55 milliseconds
[233月2026 12:03:58.990] [Render thread/INFO] [mezz.jei.library.load.PluginCallerTimerRunnable/]: Registering recipes: jei:internal took 32.78 milliseconds
[233月2026 12:03:58.990] [Render thread/INFO] [mezz.jei.library.load.PluginCaller/]: Registering recipes took 228.8 milliseconds
[233月2026 12:03:58.995] [Render thread/INFO] [mezz.jei.library.load.PluginCaller/]: Registering recipes transfer handlers...
[233月2026 12:03:58.999] [Render thread/INFO] [mezz.jei.library.load.PluginCaller/]: Registering recipes transfer handlers took 3.285 milliseconds
[233月2026 12:03:59.005] [Render thread/INFO] [mezz.jei.core.util.LoggedTimer/]: Building runtime...
[233月2026 12:03:59.010] [Render thread/INFO] [mezz.jei.library.load.PluginCaller/]: Registering gui handlers...
[233月2026 12:03:59.017] [Render thread/INFO] [mezz.jei.library.load.PluginCaller/]: Registering gui handlers took 7.061 milliseconds
[233月2026 12:03:59.019] [Render thread/INFO] [mezz.jei.library.load.PluginCaller/]: Registering Runtime...
[233月2026 12:03:59.020] [Render thread/INFO] [mezz.jei.gui.startup.JeiGuiStarter/]: Starting JEI GUI
[233月2026 12:03:59.021] [Render thread/INFO] [mezz.jei.core.util.LoggedTimer/]: Building ingredient list...
[233月2026 12:03:59.039] [Render thread/INFO] [mezz.jei.core.util.LoggedTimer/]: Building ingredient list took 18.42 milliseconds
[233月2026 12:03:59.039] [Render thread/INFO] [mezz.jei.core.util.LoggedTimer/]: Building ingredient filter...
[233月2026 12:03:59.059] [Render thread/INFO] [mezz.jei.gui.ingredients.IngredientFilter/]: Adding 2029 ingredients
[233月2026 12:03:59.230] [Render thread/INFO] [mezz.jei.gui.ingredients.IngredientFilter/]: Added 2029 ingredients
[233月2026 12:03:59.230] [Render thread/INFO] [mezz.jei.core.util.LoggedTimer/]: Building ingredient filter took 190.1 milliseconds
[233月2026 12:03:59.310] [Render thread/INFO] [mezz.jei.library.load.PluginCallerTimerRunnable/]: Registering Runtime: jei:neoforge_gui took 289.6 milliseconds
[233月2026 12:03:59.310] [Render thread/INFO] [mezz.jei.library.load.PluginCaller/]: Registering Runtime took 290.3 milliseconds
[233月2026 12:03:59.311] [Render thread/INFO] [mezz.jei.core.util.LoggedTimer/]: Building runtime took 304.7 milliseconds
[233月2026 12:03:59.311] [Render thread/INFO] [mezz.jei.library.load.PluginCaller/]: Sending Runtime...
[233月2026 12:03:59.311] [Render thread/INFO] [mezz.jei.library.load.PluginCaller/]: Sending Runtime took 385.3 microseconds
[233月2026 12:03:59.311] [Render thread/INFO] [mezz.jei.core.util.LoggedTimer/]: Starting JEI took 918.6 milliseconds
[233月2026 12:03:59.322] [Render thread/INFO] [snownee.jade.Jade/]: Received config from the server: 
[233月2026 12:03:59.322] [Render thread/INFO] [net.minecraft.advancements.AdvancementTree/]: Loaded 185 advancements
[233月2026 12:04:07.004] [Server thread/INFO] [net.minecraft.server.MinecraftServer/]: [Dev: 已将自己的游戏模式设置为创造模式]
[233月2026 12:04:07.010] [Render thread/INFO] [net.minecraft.client.gui.components.ChatComponent/]: [System] [CHAT] 已将自己的游戏模式设置为创造模式
[233月2026 12:04:11.895] [Server thread/INFO] [net.minecraft.server.MinecraftServer/]: [Dev: 已将自己的游戏模式设置为生存模式]
[233月2026 12:04:11.898] [Render thread/INFO] [net.minecraft.client.gui.components.ChatComponent/]: [System] [CHAT] 已将自己的游戏模式设置为生存模式
[233月2026 12:04:24.381] [Server thread/INFO] [net.minecraft.client.server.IntegratedServer/]: Saving and pausing game...
[233月2026 12:04:24.447] [Server thread/INFO] [net.minecraft.server.MinecraftServer/]: Saving chunks for level 'ServerLevel[新的世界]'/minecraft:overworld
[233月2026 12:04:24.454] [Server thread/INFO] [net.minecraft.server.MinecraftServer/]: Saving chunks for level 'ServerLevel[新的世界]'/minecraft:the_nether
[233月2026 12:04:24.455] [Server thread/INFO] [net.minecraft.server.MinecraftServer/]: Saving chunks for level 'ServerLevel[新的世界]'/minecraft:the_end
[233月2026 12:04:31.270] [Server thread/INFO] [net.minecraft.server.MinecraftServer/]: [Dev: 已将自己的游戏模式设置为创造模式]
[233月2026 12:04:31.272] [Render thread/INFO] [net.minecraft.client.gui.components.ChatComponent/]: [System] [CHAT] 已将自己的游戏模式设置为创造模式
[233月2026 12:04:35.865] [Server thread/INFO] [net.minecraft.server.MinecraftServer/]: [Dev: 已将自己的游戏模式设置为生存模式]
[233月2026 12:04:35.867] [Render thread/INFO] [net.minecraft.client.gui.components.ChatComponent/]: [System] [CHAT] 已将自己的游戏模式设置为生存模式
[233月2026 12:04:46.180] [Server thread/INFO] [net.minecraft.client.server.IntegratedServer/]: Saving and pausing game...
[233月2026 12:04:46.238] [Server thread/INFO] [net.minecraft.server.MinecraftServer/]: Saving chunks for level 'ServerLevel[新的世界]'/minecraft:overworld
[233月2026 12:04:46.241] [Server thread/INFO] [net.minecraft.server.MinecraftServer/]: Saving chunks for level 'ServerLevel[新的世界]'/minecraft:the_nether
[233月2026 12:04:46.241] [Server thread/INFO] [net.minecraft.server.MinecraftServer/]: Saving chunks for level 'ServerLevel[新的世界]'/minecraft:the_end
[233月2026 12:04:46.396] [Render thread/INFO] [mezz.jei.library.startup.JeiStarter/]: Stopping JEI
[233月2026 12:04:46.396] [Render thread/INFO] [mezz.jei.library.load.PluginCaller/]: Sending Runtime Unavailable...
[233月2026 12:04:46.397] [Render thread/INFO] [mezz.jei.neoforge.plugins.neoforge.NeoForgeGuiPlugin/]: Stopping JEI GUI
[233月2026 12:04:46.399] [Render thread/INFO] [mezz.jei.library.load.PluginCaller/]: Sending Runtime Unavailable took 2.536 milliseconds
[233月2026 12:04:46.431] [Server thread/INFO] [net.minecraft.server.network.ServerGamePacketListenerImpl/]: Dev lost connection: 连接中断
[233月2026 12:04:46.431] [Server thread/INFO] [net.minecraft.server.MinecraftServer/]: Dev退出了游戏
[233月2026 12:04:46.444] [Server thread/INFO] [net.minecraft.server.network.ServerCommonPacketListenerImpl/]: Stopping singleplayer server as player logged out
[233月2026 12:04:46.489] [Server thread/INFO] [net.minecraft.server.MinecraftServer/]: Stopping server
[233月2026 12:04:46.490] [Server thread/INFO] [net.minecraft.server.MinecraftServer/]: Saving players
[233月2026 12:04:46.490] [Server thread/INFO] [net.minecraft.server.MinecraftServer/]: Saving worlds
[233月2026 12:04:46.532] [Server thread/INFO] [net.minecraft.server.MinecraftServer/]: Saving chunks for level 'ServerLevel[新的世界]'/minecraft:overworld
[233月2026 12:04:46.542] [Server thread/INFO] [net.minecraft.server.MinecraftServer/]: Saving chunks for level 'ServerLevel[新的世界]'/minecraft:the_nether
[233月2026 12:04:46.544] [Server thread/INFO] [net.minecraft.server.MinecraftServer/]: Saving chunks for level 'ServerLevel[新的世界]'/minecraft:the_end
[233月2026 12:04:46.552] [Server thread/INFO] [net.minecraft.server.MinecraftServer/]: ThreadedAnvilChunkStorage (新的世界): All chunks are saved
[233月2026 12:04:46.552] [Server thread/INFO] [net.minecraft.server.MinecraftServer/]: ThreadedAnvilChunkStorage (DIM-1): All chunks are saved
[233月2026 12:04:46.552] [Server thread/INFO] [net.minecraft.server.MinecraftServer/]: ThreadedAnvilChunkStorage (DIM1): All chunks are saved
[233月2026 12:04:46.552] [Server thread/INFO] [net.minecraft.server.MinecraftServer/]: ThreadedAnvilChunkStorage: All dimensions are saved
[233月2026 12:04:47.364] [Render thread/INFO] [net.minecraft.client.Minecraft/]: Stopping!
